{
  "stats": {
    "suites": 1,
    "tests": 1,
    "passes": 1,
    "pending": 0,
    "failures": 0,
    "start": "2021-10-27T21:22:31.345Z",
    "end": "2021-10-27T21:22:31.904Z",
    "duration": 559,
    "testsRegistered": 1,
    "passPercent": 100,
    "pendingPercent": 0,
    "other": 0,
    "hasOther": false,
    "skipped": 0,
    "hasSkipped": false
  },
  "results": [
    {
      "uuid": "3da067af-ecd6-4636-a20e-36eaafee9d57",
      "title": "",
      "fullFile": "",
      "file": "",
      "beforeHooks": [],
      "afterHooks": [],
      "tests": [],
      "suites": [
        {
          "uuid": "6e923539-660d-4976-a09c-89ce1386f2f4",
          "title": "Logar no poken api",
          "fullFile": "/Users/caio.cesas.m.santos/Documents/github/test-api/test/modelo1/teste.spec.js",
          "file": "/test/modelo1/teste.spec.js",
          "beforeHooks": [],
          "afterHooks": [],
          "tests": [
            {
              "title": "Retorno 200",
              "fullTitle": "Logar no poken api Retorno 200",
              "timedOut": false,
              "duration": 549,
              "state": "passed",
              "speed": "slow",
              "pass": true,
              "fail": false,
              "pending": false,
              "context": null,
              "code": "const response = await pokeService.checkPoke();\nconsole.log(response.body);\nexpect(response.status).to.equal(200)",
              "err": {},
              "uuid": "ef49c590-d68d-48fa-a11d-cb3420f048db",
              "parentUUID": "6e923539-660d-4976-a09c-89ce1386f2f4",
              "isHook": false,
              "skipped": false
            }
          ],
          "suites": [],
          "passes": [
            "ef49c590-d68d-48fa-a11d-cb3420f048db"
          ],
          "failures": [],
          "pending": [],
          "skipped": [],
          "duration": 549,
          "root": false,
          "rootEmpty": false,
          "_timeout": 2000
        }
      ],
      "passes": [],
      "failures": [],
      "pending": [],
      "skipped": [],
      "duration": 0,
      "root": true,
      "rootEmpty": true,
      "_timeout": 2000
    }
  ],
  "meta": {
    "mocha": {
      "version": "9.1.3"
    },
    "mochawesome": {
      "options": {
        "quiet": false,
        "reportFilename": "mochawesome",
        "saveHtml": true,
        "saveJson": true,
        "consoleReporter": "spec",
        "useInlineDiffs": false,
        "code": true
      },
      "version": "6.3.1"
    },
    "marge": {
      "options": null,
      "version": "5.2.0"
    }
  }
}